TN:
SF:src\__tests__\CreateAssignment.test.jsx
FN:21,get
FN:24,json
FNF:2
FNH:1
FNDA:0,get
FNDA:1,json
DA:1,1
DA:3,1
DA:5,1
DA:7,1
DA:11,1
DA:12,1
DA:15,3
DA:16,3
DA:18,3
DA:20,3
DA:21,3
DA:22,3
DA:24,3
DA:25,1
DA:27,1
DA:29,1
DA:31,1
DA:33,1
DA:35,1
DA:37,1
DA:39,1
DA:41,1
DA:42,1
DA:43,3
DA:44,1
DA:46,1
DA:47,3
DA:48,1
DA:56,1
DA:57,1
DA:59,1
DA:61,1
DA:63,1
DA:65,1
DA:66,1
DA:67,1
DA:69,1
DA:70,1
DA:71,1
DA:73,1
DA:74,1
DA:75,1
DA:79,1
DA:81,1
DA:82,1
DA:83,1
DA:85,1
DA:89,1
DA:91,1
DA:93,1
DA:94,1
DA:95,1
DA:97,1
DA:98,1
DA:99,1
DA:101,1
DA:102,1
DA:103,1
DA:105,1
DA:106,1
DA:107,1
DA:111,1
DA:115,1
DA:116,1
DA:117,1
DA:119,1
DA:121,1
DA:123,1
DA:125,1
DA:126,1
DA:127,1
DA:129,1
DA:131,1
DA:132,1
DA:134,1
DA:136,1
DA:138,1
DA:140,1
DA:142,1
DA:143,1
DA:145,1
DA:146,1
DA:148,1
DA:149,1
DA:153,1
DA:154,1
DA:155,1
DA:157,1
DA:161,1
DA:165,1
DA:167,1
DA:169,1
DA:171,1
DA:173,1
DA:177,1
DA:178,1
DA:179,1
DA:181,1
DA:182,1
DA:183,1
DA:184,1
DA:192,1
DA:193,1
DA:195,1
DA:197,1
DA:199,1
DA:200,1
DA:201,1
DA:205,1
DA:207,1
DA:209,1
DA:213,1
DA:217,1
DA:218,25
DA:219,1
DA:221,1
DA:222,1
DA:224,1
DA:225,1
DA:227,1
DA:229,1
DA:231,1
DA:232,1
DA:233,1
DA:235,1
DA:237,1
DA:239,1
DA:243,1
DA:247,1
DA:248,25
DA:249,1
DA:251,1
DA:252,1
DA:253,1
LF:134
LH:134
BRDA:11,0,0,1
BRDA:12,1,0,3
BRDA:24,2,0,1
BRDA:46,3,0,3
BRDA:56,4,0,1
BRDA:115,5,0,1
BRDA:192,6,0,1
BRDA:217,7,0,25
BRDA:224,8,0,1
BRDA:247,9,0,25
BRF:10
BRH:10
end_of_record
TN:
SF:src\__tests__\InstructorDashboard.test.jsx
FN:7,createJsonResponse
FNF:1
FNH:1
FNDA:16,createJsonResponse
DA:1,1
DA:2,1
DA:3,1
DA:4,1
DA:7,16
DA:8,16
DA:9,16
DA:10,16
DA:11,16
DA:12,16
DA:13,16
DA:14,16
DA:15,16
DA:17,1
DA:18,1
DA:20,1
DA:22,4
DA:23,1
DA:25,1
DA:26,4
DA:27,4
DA:28,1
DA:30,1
DA:31,1
DA:32,1
DA:33,1
DA:34,1
DA:35,1
DA:36,1
DA:37,1
DA:38,1
DA:39,1
DA:40,1
DA:41,1
DA:42,1
DA:43,1
DA:44,1
DA:46,1
DA:47,1
DA:48,1
DA:49,1
DA:50,1
DA:51,1
DA:52,1
DA:53,1
DA:54,1
DA:55,1
DA:56,1
DA:57,1
DA:58,1
DA:59,1
DA:60,1
DA:61,1
DA:62,1
DA:63,1
DA:64,1
DA:65,1
DA:66,1
DA:67,1
DA:68,1
DA:69,1
DA:70,1
DA:75,1
DA:76,1
DA:77,1
DA:78,1
DA:80,1
DA:83,1
DA:84,2
DA:85,2
DA:86,1
DA:89,1
DA:90,1
DA:93,1
DA:94,1
DA:95,1
DA:96,1
DA:97,1
DA:98,1
DA:99,1
DA:100,1
DA:103,1
DA:104,1
DA:107,1
DA:108,1
DA:110,1
DA:111,1
DA:112,1
DA:113,1
DA:114,1
DA:115,1
DA:116,1
DA:117,1
DA:118,1
DA:119,1
DA:120,1
DA:121,1
DA:122,1
DA:123,1
DA:124,1
DA:126,1
DA:127,1
DA:128,1
DA:129,1
DA:130,1
DA:131,1
DA:132,1
DA:133,1
DA:135,1
DA:136,1
DA:137,1
DA:138,1
DA:139,1
DA:140,1
DA:141,1
DA:142,1
DA:143,1
DA:151,1
DA:152,1
DA:153,1
DA:154,1
DA:155,1
DA:156,1
DA:158,1
DA:161,1
DA:162,2
DA:163,2
DA:164,1
DA:166,1
DA:167,1
DA:168,1
DA:171,1
DA:174,1
DA:175,1
DA:176,1
DA:177,1
DA:178,1
DA:181,1
DA:182,1
DA:183,1
DA:184,1
DA:187,1
DA:188,1
DA:189,1
DA:190,1
DA:192,1
DA:193,1
DA:194,1
DA:195,1
DA:196,1
DA:197,1
DA:198,1
DA:199,1
DA:200,1
DA:202,1
DA:203,1
DA:204,1
DA:205,1
DA:206,1
DA:207,1
DA:208,1
DA:209,1
DA:210,1
DA:211,1
DA:212,1
DA:213,1
DA:214,1
DA:215,1
DA:218,1
DA:219,1
DA:220,1
DA:221,1
DA:222,1
DA:223,1
DA:224,1
DA:225,1
DA:226,1
DA:227,1
DA:228,1
DA:229,1
DA:230,1
DA:231,1
DA:232,1
DA:233,1
DA:234,1
DA:235,1
DA:246,1
DA:247,1
DA:248,1
DA:249,1
DA:250,1
DA:251,1
DA:252,1
DA:253,1
DA:254,1
DA:256,1
DA:259,1
DA:260,2
DA:261,1
DA:264,1
DA:265,1
DA:266,1
DA:267,1
DA:270,1
DA:271,2
DA:272,1
DA:274,1
DA:277,1
DA:279,1
DA:280,1
DA:281,1
DA:282,1
DA:283,1
DA:286,1
DA:287,1
DA:288,1
DA:289,1
DA:290,1
DA:292,1
DA:293,1
DA:294,1
DA:295,1
DA:297,1
DA:298,1
DA:299,1
DA:301,1
DA:303,1
DA:304,2
DA:305,2
DA:306,2
DA:307,1
DA:312,1
DA:313,1
LF:233
LH:233
BRDA:7,0,0,16
BRDA:17,1,0,1
BRDA:20,2,0,4
BRDA:25,3,0,4
BRDA:30,4,0,1
BRDA:83,5,0,2
BRDA:110,6,0,1
BRDA:161,7,0,2
BRDA:174,8,0,1
BRDA:181,9,0,1
BRDA:192,10,0,1
BRDA:259,11,0,2
BRDA:270,12,0,2
BRDA:279,13,0,1
BRDA:286,14,0,1
BRDA:292,15,0,1
BRDA:303,16,0,2
BRF:17
BRH:17
end_of_record
TN:
SF:src\__tests__\Navigation.test.jsx
FNF:0
FNH:0
DA:1,1
DA:2,1
DA:3,1
DA:4,1
DA:6,1
DA:7,1
DA:8,1
DA:10,1
DA:13,1
DA:14,1
DA:15,1
DA:18,1
DA:19,1
DA:20,1
DA:23,1
DA:24,1
DA:25,1
DA:26,1
DA:28,1
DA:29,1
DA:32,1
DA:33,1
DA:34,1
DA:36,1
DA:37,1
DA:40,1
DA:41,1
DA:42,1
DA:45,1
DA:46,1
DA:47,1
LF:31
LH:31
BRDA:6,0,0,1
BRDA:28,1,0,1
BRF:2
BRH:2
end_of_record
TN:
SF:src\__tests__\StudentAssignmentSubmission.test.jsx
FN:7,flushPromises
FN:74,setupAssignmentsFetch
FN:81,get
FN:84,json
FN:93,setupSubmissionFetch
FN:106,get
FN:109,json
FN:122,get
FN:125,json
FN:133,selectFirstAssignment
FNF:10
FNH:10
FNDA:1,flushPromises
FNDA:1,setupAssignmentsFetch
FNDA:1,get
FNDA:1,json
FNDA:2,setupSubmissionFetch
FNDA:2,get
FNDA:2,json
FNDA:1,get
FNDA:1,json
FNDA:3,selectFirstAssignment
DA:1,1
DA:2,1
DA:3,1
DA:4,1
DA:7,1
DA:9,1
DA:10,1
DA:11,1
DA:13,1
DA:15,1
DA:16,1
DA:17,1
DA:18,1
DA:19,1
DA:20,1
DA:21,1
DA:22,1
DA:23,1
DA:24,1
DA:25,1
DA:26,1
DA:27,1
DA:28,1
DA:30,1
DA:31,1
DA:32,1
DA:33,1
DA:34,1
DA:35,1
DA:36,1
DA:37,1
DA:38,1
DA:39,1
DA:40,1
DA:41,1
DA:42,1
DA:43,1
DA:44,1
DA:45,1
DA:46,1
DA:47,1
DA:48,1
DA:49,1
DA:50,1
DA:51,1
DA:52,1
DA:53,1
DA:54,1
DA:55,1
DA:56,1
DA:57,1
DA:58,1
DA:59,1
DA:60,1
DA:61,1
DA:62,1
DA:63,1
DA:64,1
DA:65,1
DA:66,1
DA:67,1
DA:69,1
DA:70,3
DA:71,3
DA:72,1
DA:74,1
DA:75,1
DA:76,1
DA:77,1
DA:78,1
DA:79,1
DA:80,1
DA:81,1
DA:82,1
DA:83,1
DA:84,1
DA:85,1
DA:86,1
DA:89,0
DA:90,1
DA:91,1
DA:93,1
DA:94,2
DA:96,2
DA:97,3
DA:98,3
DA:99,2
DA:100,3
DA:102,2
DA:103,2
DA:104,2
DA:105,2
DA:106,2
DA:107,2
DA:108,2
DA:109,2
DA:110,2
DA:111,2
DA:113,1
DA:114,1
DA:115,1
DA:116,1
DA:117,3
DA:118,1
DA:119,1
DA:120,1
DA:121,1
DA:122,1
DA:123,1
DA:124,1
DA:125,1
DA:126,1
DA:127,1
DA:129,0
DA:130,2
DA:131,2
DA:133,1
DA:135,3
DA:136,3
DA:137,3
DA:138,3
DA:140,3
DA:141,3
DA:142,3
DA:145,3
DA:147,3
DA:148,3
DA:150,1
DA:151,1
DA:152,1
DA:154,1
DA:157,1
DA:158,2
DA:159,2
DA:160,1
DA:163,1
DA:166,1
DA:167,1
DA:169,1
DA:170,1
DA:171,1
DA:172,1
DA:173,1
DA:176,1
DA:177,1
DA:178,1
DA:179,1
DA:180,1
DA:181,1
DA:183,1
DA:184,1
DA:185,1
DA:186,1
DA:187,1
DA:188,1
DA:189,1
DA:190,1
DA:192,1
DA:193,1
DA:194,1
DA:195,1
DA:196,1
DA:197,1
DA:198,1
DA:199,1
DA:202,1
DA:203,1
DA:204,1
DA:205,1
DA:208,1
DA:209,1
DA:210,1
DA:213,1
DA:214,1
DA:215,1
DA:218,1
DA:219,1
DA:222,1
DA:223,1
DA:224,1
DA:225,1
DA:227,1
DA:230,1
DA:232,1
DA:233,1
DA:235,1
DA:236,1
DA:237,2
DA:238,1
DA:239,1
DA:240,1
DA:241,1
DA:243,1
DA:244,1
DA:246,1
DA:248,1
DA:251,1
DA:252,1
DA:253,1
DA:254,1
DA:255,1
DA:256,1
DA:260,1
DA:263,1
DA:264,1
DA:265,1
DA:268,1
DA:269,1
DA:270,1
DA:271,1
DA:274,1
DA:277,1
DA:278,1
DA:279,1
DA:280,1
DA:281,1
DA:283,1
DA:284,1
DA:285,1
DA:287,1
DA:290,1
DA:291,2
DA:292,2
DA:293,1
DA:296,1
DA:299,1
DA:300,1
DA:301,1
DA:304,1
DA:305,1
DA:306,1
DA:307,1
DA:311,1
DA:312,1
DA:313,1
DA:316,1
DA:317,1
DA:318,1
DA:319,1
DA:320,1
DA:321,1
DA:323,1
DA:324,1
DA:326,1
DA:329,1
DA:330,1
DA:331,1
DA:333,1
DA:336,1
DA:337,1
DA:338,1
DA:339,1
DA:340,1
DA:341,1
DA:342,1
DA:345,1
DA:346,1
DA:347,1
DA:348,1
DA:351,1
DA:352,1
DA:353,1
DA:356,1
DA:357,1
DA:358,1
DA:359,1
DA:362,1
DA:363,1
DA:364,1
DA:365,1
DA:368,1
DA:369,1
DA:370,1
DA:375,1
DA:376,1
DA:377,1
DA:378,1
DA:379,1
DA:380,1
DA:381,1
DA:382,1
LF:281
LH:279
BRDA:7,0,0,1
BRDA:7,1,0,1
BRDA:9,2,0,1
BRDA:69,3,0,3
BRDA:74,4,0,1
BRDA:75,5,0,1
BRDA:86,6,0,0
BRDA:81,7,0,1
BRDA:82,8,0,0
BRDA:84,9,0,1
BRDA:93,10,0,2
BRDA:96,11,0,3
BRDA:98,12,0,2
BRDA:99,13,0,0
BRDA:100,14,0,2
BRDA:111,15,0,1
BRDA:115,16,0,1
BRDA:117,17,0,1
BRDA:127,18,0,0
BRDA:106,19,0,2
BRDA:107,20,0,0
BRDA:109,21,0,2
BRDA:122,22,0,1
BRDA:123,23,0,0
BRDA:125,24,0,1
BRDA:133,25,0,3
BRDA:135,26,0,3
BRDA:150,27,0,1
BRDA:151,28,0,1
BRDA:157,29,0,2
BRDA:230,30,0,1
BRDA:236,31,0,2
BRDA:237,32,0,1
BRDA:238,33,0,1
BRDA:283,34,0,1
BRDA:284,35,0,1
BRDA:290,36,0,2
BRDA:323,37,0,1
BRDA:329,38,0,1
BRF:39
BRH:33
end_of_record
TN:
SF:src\__tests__\ViewStudentLogs.test.jsx
FN:10,mockFetchOnce
FNF:1
FNH:1
FNDA:4,mockFetchOnce
DA:1,1
DA:2,1
DA:3,1
DA:4,1
DA:6,1
DA:7,1
DA:8,1
DA:10,1
DA:11,4
DA:12,4
DA:13,4
DA:14,4
DA:15,4
DA:16,4
DA:18,1
DA:19,6
DA:20,6
DA:21,1
DA:23,1
DA:24,6
DA:25,1
DA:27,1
DA:28,1
DA:29,1
DA:31,1
DA:33,1
DA:35,1
DA:36,1
DA:37,1
DA:38,1
DA:40,1
DA:41,1
DA:42,1
DA:43,1
DA:44,1
DA:45,1
DA:47,1
DA:49,1
DA:50,2
DA:51,1
DA:53,1
DA:54,1
DA:56,1
DA:57,1
DA:59,1
DA:61,1
DA:62,2
DA:63,1
DA:64,1
DA:66,1
DA:67,1
DA:68,1
DA:69,1
DA:70,1
DA:71,1
DA:72,1
DA:73,1
DA:74,1
DA:75,1
DA:76,1
DA:77,1
DA:78,1
DA:79,1
DA:80,1
DA:81,1
DA:82,1
DA:83,1
DA:84,1
DA:85,1
DA:86,1
DA:87,1
DA:88,1
DA:89,1
DA:90,1
DA:91,1
DA:92,1
DA:93,1
DA:94,1
DA:95,1
DA:96,1
DA:97,1
DA:98,1
DA:99,1
DA:100,1
DA:101,1
DA:102,1
DA:103,1
DA:104,1
DA:105,1
DA:106,1
DA:107,1
DA:108,1
DA:109,1
DA:110,1
DA:111,1
DA:112,1
DA:113,1
DA:114,1
DA:115,1
DA:116,1
DA:118,1
DA:120,1
DA:122,1
DA:123,2
DA:124,2
DA:125,2
DA:126,2
DA:127,2
DA:128,1
DA:130,1
DA:131,1
DA:132,1
DA:134,1
DA:136,1
DA:137,1
DA:138,1
DA:140,1
DA:142,1
DA:143,1
DA:144,1
DA:146,1
DA:148,1
DA:150,1
DA:152,1
DA:154,1
DA:156,1
DA:158,1
DA:159,1
DA:161,1
DA:162,1
DA:163,1
DA:164,1
DA:165,1
DA:166,1
DA:167,1
DA:168,1
DA:169,1
DA:170,1
DA:171,1
DA:172,1
DA:173,1
DA:174,1
DA:175,1
DA:176,1
DA:177,1
DA:178,1
DA:179,1
DA:180,1
DA:181,1
DA:182,1
DA:183,1
DA:184,1
DA:185,1
DA:186,1
DA:187,1
DA:189,1
DA:191,1
DA:193,1
DA:194,2
DA:195,2
DA:196,2
DA:197,1
DA:199,1
DA:200,1
DA:202,1
DA:203,1
DA:204,1
DA:206,1
DA:207,1
DA:209,1
DA:211,1
DA:212,1
DA:213,1
DA:215,1
DA:216,1
DA:217,1
DA:218,1
DA:219,1
DA:220,1
DA:221,1
DA:222,1
DA:223,1
DA:224,1
DA:225,1
DA:226,1
DA:227,1
DA:228,1
DA:229,1
DA:230,1
DA:231,1
DA:232,1
DA:233,1
DA:234,1
DA:236,1
DA:238,1
DA:240,1
DA:241,2
DA:242,2
DA:243,2
DA:244,1
DA:246,1
DA:247,1
DA:248,1
DA:250,1
DA:251,1
DA:252,1
DA:253,1
DA:254,1
LF:208
LH:208
BRDA:6,0,0,1
BRDA:10,1,0,4
BRDA:18,2,0,6
BRDA:23,3,0,6
BRDA:27,4,0,1
BRDA:28,5,0,1
BRDA:40,6,0,1
BRDA:49,7,0,2
BRDA:56,8,0,1
BRDA:61,9,0,2
BRDA:66,10,0,1
BRDA:122,11,0,2
BRDA:142,12,0,1
BRDA:161,13,0,1
BRDA:193,14,0,2
BRDA:215,15,0,1
BRDA:240,16,0,2
BRF:17
BRH:17
end_of_record
TN:
SF:src\components\CreateAssignment.jsx
FN:4,CreateAssignment
FN:19,handleInputChange
FN:27,handleSubmit
FNF:3
FNH:3
FNDA:16,CreateAssignment
FNDA:9,handleInputChange
FNDA:3,handleSubmit
DA:1,1
DA:4,16
DA:5,16
DA:6,16
DA:7,16
DA:8,16
DA:9,16
DA:10,16
DA:11,16
DA:12,16
DA:13,16
DA:15,16
DA:16,16
DA:17,16
DA:19,16
DA:20,9
DA:21,9
DA:22,9
DA:23,9
DA:24,9
DA:25,9
DA:27,16
DA:28,3
DA:29,3
DA:30,3
DA:31,3
DA:34,3
DA:35,1
DA:36,1
DA:37,1
DA:38,1
DA:40,3
DA:41,1
DA:42,1
DA:43,1
DA:44,1
DA:46,1
DA:47,1
DA:48,1
DA:49,1
DA:50,1
DA:51,1
DA:52,1
DA:53,1
DA:54,1
DA:55,1
DA:56,1
DA:58,3
DA:59,0
DA:60,0
DA:61,0
DA:63,1
DA:64,1
DA:67,1
DA:68,1
DA:69,1
DA:70,1
DA:71,1
DA:72,1
DA:73,1
DA:74,1
DA:75,1
DA:76,3
DA:77,0
DA:78,3
DA:79,1
DA:80,1
DA:81,3
DA:83,16
DA:84,16
DA:85,16
DA:87,16
DA:88,16
DA:90,16
DA:91,16
DA:92,16
DA:93,16
DA:94,16
DA:95,16
DA:96,16
DA:97,16
DA:98,16
DA:99,16
DA:100,16
DA:101,16
DA:103,16
DA:104,16
DA:105,16
DA:106,16
DA:107,16
DA:108,16
DA:109,16
DA:110,16
DA:111,16
DA:112,16
DA:113,16
DA:115,16
DA:116,16
DA:118,16
DA:119,16
DA:120,16
DA:121,16
DA:122,16
DA:123,16
DA:124,16
DA:125,16
DA:126,16
DA:128,16
DA:129,16
DA:130,16
DA:133,16
DA:135,16
DA:136,16
DA:137,16
DA:138,16
DA:139,16
DA:140,16
DA:141,16
DA:142,16
DA:143,16
DA:145,16
DA:146,16
DA:148,16
DA:149,5
DA:150,5
DA:152,5
DA:153,5
DA:154,5
DA:155,5
DA:156,5
DA:157,5
DA:158,5
DA:159,5
DA:160,5
DA:161,5
DA:164,16
DA:165,16
DA:166,16
DA:167,16
DA:168,16
DA:169,16
DA:170,16
DA:171,16
DA:172,16
DA:174,16
DA:175,16
DA:177,16
DA:178,4
DA:179,4
DA:181,4
DA:182,4
DA:183,4
DA:184,4
DA:185,4
DA:186,4
DA:187,4
DA:188,4
DA:189,4
DA:190,4
DA:192,16
DA:194,16
DA:195,16
DA:196,16
DA:197,16
DA:198,16
DA:200,16
LF:166
LH:162
BRDA:4,0,0,16
BRDA:87,1,0,2
BRDA:88,2,0,1
BRDA:148,3,0,5
BRDA:177,4,0,4
BRDA:195,5,0,1
BRDA:195,6,0,15
BRDA:19,7,0,9
BRDA:21,8,0,9
BRDA:23,9,0,2
BRDA:23,10,0,7
BRDA:27,11,0,3
BRDA:34,12,0,1
BRDA:38,13,0,2
BRDA:40,14,0,1
BRDA:58,15,0,0
BRDA:61,16,0,1
BRDA:76,17,0,0
BRDA:78,18,0,1
BRF:19
BRH:17
end_of_record
TN:
SF:src\components\InstructorDashboard.jsx
FN:5,InstructorDashboard
FN:14,loadAssignments
FN:69,handleCourseFilterChange
FN:75,handleRefresh
FN:84,onClose
FN:115,onClick
FN:152,onClick
FNF:7
FNH:4
FNDA:18,InstructorDashboard
FNDA:7,loadAssignments
FNDA:2,handleCourseFilterChange
FNDA:1,handleRefresh
FNDA:0,onClose
FNDA:0,onClick
FNDA:0,onClick
DA:1,1
DA:5,18
DA:6,18
DA:7,18
DA:8,18
DA:9,18
DA:10,18
DA:11,18
DA:14,18
DA:15,7
DA:16,7
DA:18,7
DA:20,7
DA:21,7
DA:22,3
DA:23,3
DA:24,7
DA:25,4
DA:26,4
DA:28,7
DA:30,7
DA:32,7
DA:33,1
DA:34,1
DA:36,6
DA:37,6
DA:38,6
DA:41,6
DA:42,7
DA:43,10
DA:44,10
DA:45,10
DA:46,10
DA:47,10
DA:48,10
DA:49,10
DA:50,0
DA:51,0
DA:52,0
DA:53,10
DA:54,6
DA:55,7
DA:56,1
DA:57,1
DA:58,7
DA:59,7
DA:60,7
DA:61,7
DA:64,18
DA:65,4
DA:66,4
DA:67,18
DA:69,18
DA:70,2
DA:71,2
DA:72,2
DA:73,2
DA:75,18
DA:76,1
DA:77,1
DA:79,18
DA:80,18
DA:81,18
DA:82,0
DA:83,0
DA:84,0
DA:85,0
DA:87,18
DA:88,18
DA:90,18
DA:91,18
DA:92,18
DA:93,18
DA:94,18
DA:95,18
DA:96,18
DA:98,18
DA:99,18
DA:100,18
DA:102,18
DA:103,18
DA:104,18
DA:105,18
DA:106,18
DA:107,18
DA:108,18
DA:109,18
DA:110,18
DA:111,18
DA:112,18
DA:113,6
DA:114,6
DA:115,6
DA:116,0
DA:117,0
DA:118,0
DA:119,6
DA:121,6
DA:123,18
DA:124,18
DA:125,18
DA:126,18
DA:127,18
DA:129,18
DA:131,18
DA:132,18
DA:133,9
DA:134,9
DA:135,0
DA:136,9
DA:138,9
DA:140,9
DA:141,15
DA:142,15
DA:143,15
DA:144,15
DA:145,15
DA:146,15
DA:147,15
DA:148,15
DA:149,15
DA:150,13
DA:151,13
DA:152,13
DA:153,13
DA:155,13
DA:157,15
DA:158,15
DA:159,15
DA:160,15
DA:162,15
DA:163,0
DA:164,0
DA:165,0
DA:166,0
DA:167,0
DA:168,0
DA:170,0
DA:171,0
DA:172,0
DA:173,0
DA:174,0
DA:176,0
DA:178,15
DA:179,9
DA:181,18
DA:182,18
DA:183,18
DA:185,18
DA:187,18
LF:150
LH:127
BRDA:5,0,0,18
BRDA:81,1,0,0
BRDA:98,2,0,7
BRDA:98,3,0,11
BRDA:112,4,0,6
BRDA:125,5,0,6
BRDA:125,6,0,12
BRDA:129,7,0,1
BRDA:132,8,0,9
BRDA:134,9,0,0
BRDA:138,10,0,9
BRDA:14,11,0,7
BRDA:21,12,0,3
BRDA:24,13,0,4
BRDA:32,14,0,1
BRDA:34,15,0,6
BRDA:42,16,0,10
BRDA:49,17,0,0
BRDA:53,18,0,6
BRDA:55,19,0,1
BRDA:64,20,0,4
BRDA:69,21,0,2
BRDA:75,22,0,1
BRDA:140,23,0,15
BRDA:146,24,0,2
BRDA:146,25,0,2
BRDA:146,26,0,3
BRDA:146,27,0,12
BRDA:149,28,0,2
BRDA:149,29,0,13
BRDA:162,30,0,0
BRF:31
BRH:27
end_of_record
TN:
SF:src\components\Navigation.jsx
FN:3,Navigation
FN:12,onClick
FN:20,onClick
FN:28,onClick
FNF:4
FNH:4
FNDA:3,Navigation
FNDA:1,onClick
FNDA:1,onClick
FNDA:1,onClick
DA:1,1
DA:3,3
DA:4,3
DA:5,3
DA:6,3
DA:7,3
DA:8,3
DA:9,3
DA:10,3
DA:11,3
DA:12,3
DA:13,3
DA:15,3
DA:16,3
DA:17,3
DA:18,3
DA:19,3
DA:20,3
DA:21,3
DA:23,3
DA:24,3
DA:25,3
DA:26,3
DA:27,3
DA:28,3
DA:29,3
DA:31,3
DA:32,3
DA:33,3
DA:34,3
DA:35,3
DA:37,3
LF:32
LH:32
BRDA:3,0,0,3
BRDA:11,1,0,1
BRDA:11,2,0,2
BRDA:19,3,0,1
BRDA:19,4,0,2
BRDA:27,5,0,1
BRDA:27,6,0,2
BRDA:12,7,0,1
BRDA:20,8,0,1
BRDA:28,9,0,1
BRF:10
BRH:10
end_of_record
TN:
SF:src\components\StudentAssignmentSubmission.jsx
FN:41,StudentAssignmentSubmission
FN:73,loadAssignments
FN:105,handleAssignmentSelect
FN:127,handleAILogChange
FN:139,addAILog
FN:153,removeAILog
FN:163,toggleAutoLogConfirmation
FN:173,handleSubmit
FN:190,handleConfirmAndSubmit
FN:266,handleBackToList
FN:285,onChange
FN:307,onClick
FN:341,onChange
FN:391,onChange
FN:407,onClick
FN:538,onChange
FN:550,onChange
FN:563,onChange
FN:575,onClick
FN:601,onChange
FNF:20
FNH:12
FNDA:24,StudentAssignmentSubmission
FNDA:3,loadAssignments
FNDA:3,handleAssignmentSelect
FNDA:3,handleAILogChange
FNDA:0,addAILog
FNDA:0,removeAILog
FNDA:0,toggleAutoLogConfirmation
FNDA:3,handleSubmit
FNDA:2,handleConfirmAndSubmit
FNDA:0,handleBackToList
FNDA:0,onChange
FNDA:3,onClick
FNDA:0,onChange
FNDA:1,onChange
FNDA:0,onClick
FNDA:1,onChange
FNDA:1,onChange
FNDA:1,onChange
FNDA:0,onClick
FNDA:2,onChange
DA:1,1
DA:5,1
DA:6,1
DA:7,1
DA:8,1
DA:9,1
DA:10,1
DA:11,1
DA:12,1
DA:13,1
DA:14,1
DA:15,1
DA:16,1
DA:17,1
DA:18,1
DA:19,1
DA:20,1
DA:21,1
DA:22,1
DA:23,1
DA:24,1
DA:25,1
DA:26,1
DA:27,1
DA:28,1
DA:29,1
DA:30,1
DA:31,1
DA:32,1
DA:33,1
DA:34,1
DA:35,1
DA:36,1
DA:37,1
DA:38,1
DA:39,1
DA:41,24
DA:42,24
DA:43,24
DA:44,24
DA:45,24
DA:46,24
DA:47,24
DA:48,24
DA:49,24
DA:50,24
DA:51,24
DA:52,24
DA:53,24
DA:54,24
DA:55,24
DA:56,24
DA:58,24
DA:59,24
DA:60,24
DA:61,24
DA:62,24
DA:63,24
DA:64,24
DA:65,24
DA:66,24
DA:69,24
DA:70,3
DA:71,24
DA:73,24
DA:74,3
DA:75,3
DA:77,3
DA:78,3
DA:79,3
DA:80,3
DA:81,3
DA:82,0
DA:84,0
DA:85,0
DA:86,0
DA:87,0
DA:88,0
DA:89,0
DA:90,0
DA:92,3
DA:93,0
DA:94,0
DA:96,3
DA:97,3
DA:98,0
DA:99,0
DA:100,3
DA:101,3
DA:102,3
DA:103,3
DA:105,24
DA:106,3
DA:107,3
DA:108,3
DA:109,3
DA:110,3
DA:111,3
DA:112,3
DA:113,3
DA:114,3
DA:115,3
DA:116,3
DA:117,3
DA:118,3
DA:119,3
DA:120,3
DA:121,3
DA:122,3
DA:123,3
DA:124,3
DA:125,3
DA:127,24
DA:128,3
DA:129,3
DA:130,3
DA:131,3
DA:132,3
DA:133,3
DA:134,3
DA:135,3
DA:136,3
DA:137,3
DA:139,24
DA:140,0
DA:141,0
DA:142,0
DA:143,0
DA:144,0
DA:145,0
DA:146,0
DA:147,0
DA:148,0
DA:149,0
DA:150,0
DA:151,0
DA:153,24
DA:154,0
DA:155,0
DA:156,0
DA:157,0
DA:158,0
DA:159,0
DA:160,0
DA:161,0
DA:163,24
DA:164,0
DA:165,0
DA:166,0
DA:167,0
DA:168,0
DA:169,0
DA:170,0
DA:171,0
DA:173,24
DA:174,3
DA:175,3
DA:176,3
DA:179,3
DA:180,1
DA:181,1
DA:182,1
DA:183,1
DA:184,1
DA:187,2
DA:188,3
DA:190,24
DA:191,2
DA:192,2
DA:195,2
DA:196,1
DA:197,1
DA:198,1
DA:199,1
DA:200,1
DA:202,1
DA:205,1
DA:206,1
DA:207,1
DA:208,1
DA:210,1
DA:211,1
DA:212,1
DA:213,1
DA:214,1
DA:215,1
DA:216,1
DA:217,1
DA:218,1
DA:219,1
DA:220,1
DA:221,1
DA:222,1
DA:223,1
DA:224,1
DA:225,1
DA:227,2
DA:228,2
DA:229,1
DA:230,0
DA:232,0
DA:233,0
DA:234,0
DA:235,0
DA:236,0
DA:237,0
DA:238,0
DA:240,2
DA:241,0
DA:242,0
DA:243,0
DA:244,0
DA:247,2
DA:248,2
DA:250,2
DA:251,2
DA:252,2
DA:253,2
DA:254,2
DA:255,2
DA:256,2
DA:257,2
DA:258,0
DA:259,0
DA:260,0
DA:261,2
DA:262,1
DA:263,1
DA:264,2
DA:266,24
DA:267,0
DA:268,0
DA:269,0
DA:270,0
DA:271,0
DA:272,0
DA:274,24
DA:275,9
DA:276,9
DA:277,9
DA:279,9
DA:280,9
DA:281,9
DA:282,9
DA:283,9
DA:284,9
DA:285,9
DA:286,9
DA:287,9
DA:288,9
DA:290,9
DA:292,9
DA:293,9
DA:294,3
DA:295,6
DA:296,3
DA:298,3
DA:299,6
DA:300,6
DA:301,6
DA:302,6
DA:303,6
DA:305,6
DA:306,6
DA:307,6
DA:308,6
DA:310,6
DA:311,6
DA:312,3
DA:314,9
DA:315,9
DA:317,9
DA:320,24
DA:321,5
DA:322,5
DA:323,5
DA:324,5
DA:325,5
DA:326,5
DA:330,5
DA:331,5
DA:333,5
DA:334,5
DA:335,15
DA:336,15
DA:337,15
DA:338,15
DA:339,15
DA:340,15
DA:341,15
DA:342,15
DA:343,15
DA:344,15
DA:345,15
DA:346,15
DA:348,15
DA:349,15
DA:350,15
DA:351,15
DA:353,15
DA:354,15
DA:355,15
DA:356,15
DA:358,15
DA:359,15
DA:360,15
DA:361,15
DA:362,15
DA:363,15
DA:365,15
DA:366,15
DA:367,15
DA:368,15
DA:369,15
DA:370,15
DA:372,15
DA:373,15
DA:374,15
DA:375,15
DA:376,15
DA:377,5
DA:378,5
DA:380,5
DA:381,5
DA:382,5
DA:384,5
DA:385,5
DA:386,5
DA:387,5
DA:388,5
DA:389,5
DA:390,5
DA:391,5
DA:392,5
DA:393,5
DA:394,5
DA:397,5
DA:398,5
DA:399,5
DA:400,5
DA:402,5
DA:404,5
DA:405,5
DA:406,5
DA:407,5
DA:408,5
DA:409,5
DA:411,5
DA:412,5
DA:413,5
DA:414,5
DA:415,5
DA:417,5
DA:418,5
DA:419,5
DA:420,5
DA:421,5
DA:423,5
DA:425,24
DA:426,1
DA:427,1
DA:428,1
DA:430,1
DA:432,1
DA:433,1
DA:435,1
DA:436,1
DA:437,1
DA:438,1
DA:440,1
DA:442,1
DA:443,1
DA:444,1
DA:445,1
DA:446,1
DA:447,1
DA:448,1
DA:449,1
DA:450,1
DA:452,1
DA:453,1
DA:454,1
DA:455,1
DA:457,1
DA:458,1
DA:459,1
DA:462,1
DA:463,1
DA:464,1
DA:465,1
DA:468,1
DA:470,1
DA:471,2
DA:472,2
DA:473,2
DA:474,2
DA:475,2
DA:476,2
DA:477,2
DA:478,2
DA:480,2
DA:481,2
DA:482,2
DA:483,2
DA:485,2
DA:486,1
DA:487,1
DA:490,1
DA:492,1
DA:493,1
DA:494,1
DA:496,1
DA:499,9
DA:500,9
DA:501,9
DA:503,9
DA:505,9
DA:506,9
DA:507,9
DA:508,9
DA:510,9
DA:511,9
DA:512,9
DA:513,9
DA:514,9
DA:517,24
DA:518,24
DA:520,24
DA:521,24
DA:522,24
DA:523,24
DA:525,24
DA:526,24
DA:528,24
DA:529,9
DA:530,9
DA:532,9
DA:533,9
DA:534,9
DA:535,9
DA:536,9
DA:537,9
DA:538,9
DA:539,1
DA:541,9
DA:542,9
DA:543,9
DA:545,9
DA:546,9
DA:547,9
DA:548,9
DA:549,9
DA:550,9
DA:551,1
DA:553,9
DA:554,9
DA:555,9
DA:556,9
DA:558,9
DA:559,9
DA:560,9
DA:561,9
DA:562,9
DA:563,9
DA:564,1
DA:566,9
DA:567,9
DA:568,9
DA:569,9
DA:571,9
DA:572,0
DA:573,0
DA:574,0
DA:575,0
DA:576,0
DA:578,0
DA:580,9
DA:581,24
DA:583,24
DA:585,24
DA:586,24
DA:588,24
DA:589,24
DA:590,24
DA:591,24
DA:596,24
DA:597,24
DA:598,24
DA:599,24
DA:600,24
DA:601,24
DA:602,24
DA:603,24
DA:604,24
DA:605,24
DA:606,24
DA:608,24
DA:609,24
DA:610,24
DA:611,24
DA:615,24
DA:617,24
DA:618,27
DA:619,27
DA:620,27
DA:621,27
DA:622,27
DA:624,27
DA:625,27
DA:626,27
DA:627,27
DA:629,27
DA:630,27
DA:631,27
DA:632,27
DA:633,27
DA:634,27
DA:636,27
DA:637,27
DA:638,27
DA:639,27
DA:640,27
DA:641,27
DA:643,27
DA:644,27
DA:645,27
DA:646,27
DA:647,27
DA:648,24
DA:649,24
DA:650,24
DA:652,24
DA:653,24
DA:654,24
DA:655,24
DA:656,24
DA:658,24
LF:537
LH:470
BRDA:41,0,0,24
BRDA:274,1,0,9
BRDA:290,2,0,0
BRDA:293,3,0,3
BRDA:294,4,0,6
BRDA:295,5,0,3
BRDA:296,6,0,3
BRDA:317,7,0,15
BRDA:320,8,0,5
BRDA:402,9,0,1
BRDA:417,10,0,1
BRDA:417,11,0,4
BRDA:423,12,0,10
BRDA:425,13,0,1
BRDA:496,14,0,9
BRDA:518,15,0,1
BRDA:653,16,0,0
BRDA:653,17,0,9
BRDA:53,18,0,72
BRDA:69,19,0,3
BRDA:73,20,0,3
BRDA:79,21,0,0
BRDA:81,22,0,0
BRDA:82,23,0,0
BRDA:92,24,0,0
BRDA:97,25,0,0
BRDA:105,26,0,3
BRDA:113,27,0,9
BRDA:127,28,0,3
BRDA:133,29,0,3
BRDA:173,30,0,3
BRDA:179,31,0,1
BRDA:184,32,0,2
BRDA:190,33,0,2
BRDA:195,34,0,1
BRDA:227,35,0,0
BRDA:228,36,0,1
BRDA:229,37,0,0
BRDA:230,38,0,0
BRDA:238,39,0,1
BRDA:240,40,0,0
BRDA:244,41,0,1
BRDA:247,42,0,0
BRDA:248,43,0,0
BRDA:257,44,0,0
BRDA:261,45,0,1
BRDA:206,46,0,1
BRDA:298,47,0,6
BRDA:307,48,0,3
BRDA:334,49,0,15
BRDA:391,50,0,1
BRDA:442,51,0,1
BRDA:470,52,0,2
BRDA:528,53,0,9
BRDA:571,54,0,0
BRDA:538,55,0,1
BRDA:550,56,0,1
BRDA:563,57,0,1
BRDA:601,58,0,2
BRDA:617,59,0,27
BRF:60
BRH:45
end_of_record
TN:
SF:src\components\ViewStudentLogs.jsx
FN:4,ViewStudentLogs
FN:15,loadStudentLogs
FN:96,onChange
FN:102,onClick
FN:121,onClick
FNF:5
FNH:5
FNDA:16,ViewStudentLogs
FNDA:6,loadStudentLogs
FNDA:2,onChange
FNDA:1,onClick
FNDA:2,onClick
DA:1,1
DA:4,16
DA:5,16
DA:6,16
DA:7,16
DA:8,16
DA:9,16
DA:11,16
DA:12,6
DA:13,16
DA:15,16
DA:16,6
DA:17,6
DA:19,6
DA:20,6
DA:22,6
DA:23,1
DA:24,1
DA:25,0
DA:26,1
DA:27,1
DA:28,1
DA:30,4
DA:31,4
DA:32,6
DA:33,1
DA:34,1
DA:35,6
DA:36,5
DA:37,5
DA:38,6
DA:40,16
DA:41,6
DA:42,6
DA:43,6
DA:44,6
DA:45,6
DA:46,6
DA:47,6
DA:49,6
DA:51,16
DA:52,1
DA:53,1
DA:54,1
DA:55,1
DA:56,1
DA:57,1
DA:58,1
DA:60,1
DA:62,16
DA:63,1
DA:64,1
DA:65,1
DA:66,1
DA:67,1
DA:68,1
DA:69,1
DA:71,1
DA:73,8
DA:74,2
DA:75,2
DA:76,2
DA:77,6
DA:79,16
DA:80,16
DA:81,16
DA:82,16
DA:83,16
DA:84,16
DA:85,16
DA:86,16
DA:87,16
DA:88,16
DA:89,16
DA:91,16
DA:92,16
DA:93,16
DA:94,16
DA:95,16
DA:96,16
DA:97,16
DA:98,16
DA:99,16
DA:100,2
DA:101,2
DA:102,2
DA:103,2
DA:105,2
DA:107,16
DA:109,16
DA:110,1
DA:111,1
DA:112,1
DA:113,0
DA:114,1
DA:116,7
DA:117,7
DA:118,9
DA:119,9
DA:120,9
DA:121,9
DA:122,2
DA:123,2
DA:124,1
DA:125,1
DA:126,2
DA:129,9
DA:130,9
DA:131,9
DA:132,9
DA:133,9
DA:134,9
DA:135,9
DA:136,9
DA:137,9
DA:138,9
DA:140,9
DA:141,1
DA:143,1
DA:144,1
DA:145,1
DA:146,1
DA:147,1
DA:148,1
DA:149,1
DA:150,1
DA:151,1
DA:152,1
DA:153,1
DA:154,1
DA:156,1
DA:157,1
DA:161,1
DA:162,1
DA:163,1
DA:164,1
DA:165,1
DA:166,1
DA:167,1
DA:168,1
DA:169,1
DA:170,1
DA:171,1
DA:172,1
DA:176,1
DA:177,1
DA:178,1
DA:179,1
DA:180,1
DA:181,1
DA:182,1
DA:183,1
DA:184,1
DA:185,1
DA:186,1
DA:187,1
DA:188,1
DA:189,1
DA:190,1
DA:191,1
DA:193,1
DA:194,1
DA:195,1
DA:196,1
DA:197,1
DA:199,1
DA:200,1
DA:201,1
DA:202,1
DA:203,1
DA:204,1
DA:205,1
DA:209,1
DA:210,1
DA:211,1
DA:212,1
DA:213,1
DA:214,1
DA:215,1
DA:216,1
DA:217,1
DA:218,1
DA:219,1
DA:220,1
DA:221,1
DA:222,1
DA:223,1
DA:224,1
DA:226,1
DA:227,1
DA:228,1
DA:229,1
DA:230,1
DA:232,1
DA:233,1
DA:234,1
DA:235,1
DA:236,1
DA:238,1
DA:239,1
DA:240,1
DA:241,1
DA:242,1
DA:244,1
DA:245,1
DA:246,1
DA:247,1
DA:248,1
DA:250,1
DA:251,1
DA:252,1
DA:253,1
DA:254,1
DA:255,1
DA:256,1
DA:260,1
DA:261,0
DA:262,0
DA:264,0
DA:266,1
DA:268,9
DA:269,7
DA:270,7
DA:272,16
DA:274,16
LF:225
LH:220
BRDA:4,0,0,16
BRDA:40,1,0,6
BRDA:49,2,0,10
BRDA:51,3,0,1
BRDA:60,4,0,9
BRDA:62,5,0,1
BRDA:71,6,0,8
BRDA:73,7,0,2
BRDA:76,8,0,6
BRDA:99,9,0,2
BRDA:109,10,0,1
BRDA:112,11,0,0
BRDA:114,12,0,7
BRDA:11,13,0,6
BRDA:15,14,0,6
BRDA:20,15,0,5
BRDA:22,16,0,1
BRDA:24,17,0,0
BRDA:26,18,0,0
BRDA:28,19,0,4
BRDA:32,20,0,1
BRDA:35,21,0,5
BRDA:75,22,0,3
BRDA:96,23,0,2
BRDA:102,24,0,1
BRDA:117,25,0,9
BRDA:132,26,0,3
BRDA:132,27,0,6
BRDA:136,28,0,1
BRDA:136,29,0,8
BRDA:140,30,0,1
BRDA:260,31,0,0
BRDA:261,32,0,0
BRDA:121,33,0,2
BRDA:123,34,0,1
BRDA:124,35,0,1
BRDA:180,36,0,1
BRDA:213,37,0,1
BRF:38
BRH:33
end_of_record
